Loading workload...
Starting test.
2024-04-10 01:26:14:859 0 sec: 0 operations; est completion in 0 second 
mongo client connection created with mongodb://10.142.0.4:27017/ycsb
DBWrapper: report latency for each error is false and specific error codes to track for latency are: []
2024-04-10 01:26:21:883 7 sec: 1000 operations; 227.38 current ops/sec; [CLEANUP: Count=1, Max=3751, Min=3751, Avg=3751, 90=3751, 99=3751, 99.9=3751, 99.99=3751] [INSERT: Count=1000, Max=136959, Min=745, Avg=3332.07, 90=4847, 99=6435, 99.9=10631, 99.99=136959] 
[OVERALL], RunTime(ms), 4401
[OVERALL], Throughput(ops/sec), 227.22108611679164
[TOTAL_GCS_G1_Young_Generation], Count, 4
[TOTAL_GC_TIME_G1_Young_Generation], Time(ms), 42
[TOTAL_GC_TIME_%_G1_Young_Generation], Time(%), 0.9543285616905249
[TOTAL_GCS_G1_Old_Generation], Count, 0
[TOTAL_GC_TIME_G1_Old_Generation], Time(ms), 0
[TOTAL_GC_TIME_%_G1_Old_Generation], Time(%), 0.0
[TOTAL_GCs], Count, 4
[TOTAL_GC_TIME], Time(ms), 42
[TOTAL_GC_TIME_%], Time(%), 0.9543285616905249
[CLEANUP], Operations, 1
[CLEANUP], AverageLatency(us), 3751.0
[CLEANUP], MinLatency(us), 3750
[CLEANUP], MaxLatency(us), 3751
[CLEANUP], 95thPercentileLatency(us), 3751
[CLEANUP], 99thPercentileLatency(us), 3751
[INSERT], Operations, 1000
[INSERT], AverageLatency(us), 3332.07
[INSERT], MinLatency(us), 745
[INSERT], MaxLatency(us), 136959
[INSERT], 95thPercentileLatency(us), 5435
[INSERT], 99thPercentileLatency(us), 6435
[INSERT], Return=OK, 1000

