[OVERALL], RunTime(ms), 4158
[OVERALL], Throughput(ops/sec), 240.5002405002405
[TOTAL_GCS_G1_Young_Generation], Count, 4
[TOTAL_GC_TIME_G1_Young_Generation], Time(ms), 49
[TOTAL_GC_TIME_%_G1_Young_Generation], Time(%), 1.1784511784511784
[TOTAL_GCS_G1_Old_Generation], Count, 0
[TOTAL_GC_TIME_G1_Old_Generation], Time(ms), 0
[TOTAL_GC_TIME_%_G1_Old_Generation], Time(%), 0.0
[TOTAL_GCs], Count, 4
[TOTAL_GC_TIME], Time(ms), 49
[TOTAL_GC_TIME_%], Time(%), 1.178451178511784
[CLEANUP], Operations, 1
[CLEANUP], AverageLatency(us), 3059.0
[CLEANUP], MinLatency(us), 3058
[CLEANUP], MaxLatency(us), 3059
[CLEANUP], 95thPercentileLatency(us), 3059
[CLEANUP], 99thPercentileLatency(us), 3059
[INSERT], Operations, 1000
[INSERT], AverageLatency(us), 3201.741
[INSERT], MinLatency(us), 724
[INSERT], MaxLatency(us), 140287
[INSERT], 95thPercentileLatency(us), 5115
[INSERT], 99thPercentileLatency(us), 6103
[INSERT], Return=OK, 1000