[OVERALL], RunTime(ms), 3037
[OVERALL], Throughput(ops/sec), 329.272230819888047
[TOTAL_GCS_G1_Young_Generation], Count, 5
[TOTAL_GC_TIME_G1_Young_Generation], Time(ms), 49
[TOTAL_GC_TIME_%_G1_Young_Generation], Time(%), 1.613343101745143
[TOTAL_GCS_G1_Old_Generation], Count, 0
[TOTAL_GC_TIME_G1_Old_Generation], Time(ms), 0
[TOTAL_GC_TIME_%_G1_Old_Generation], Time(%), 0.0
[TOTAL_GCs], Count, 5
[TOTAL_GC_TIME], Time(ms), 49
[TOTAL_GC_TIME_%], Time(%), 1.6134343101745143
[READ], Operations, 1000
[READ], AverageLatency(us), 1295.241
[READ], MinLatency(us), 504
[READ], MaxLatency(us), 124351
[READ], 95thPercentileLatency(us), 2957
[READ], 99thPercentileLatency(us), 4927
[READ], Return=OK, 1000
[READ-MODIFY-WRITE], Operations, 513
[READ-MODIFY-WRITE], AverageLatency(us), 2491.604288499025
[READ-MODIFY-WRITE], MinLatency(us), 1118
[READ-MODIFY-WRITE], MaxLatency(us), 16607
[READ-MODIFY-WRITE], 95thPercentileLatency(us), 5867
[READ-MODIFY-WRITE], 99thPercentileLatency(us), 9263
[CLEANUP], Operations, 1
[CLEANUP], AverageLatency(us), 3001.0
[CLEANUP], MinLatency(us), 3000
[CLEANUP], MaxLatency(us), 3001
[CLEANUP], 95thPercentileLatency(us), 3001
[CLEANUP], 99thPercentileLatency(us), 3001
[UPDATE], Operations, 513
[UPDATE], AverageLatency(us), 1265.541910331384
[UPDATE], MinLatency(us), 571
[UPDATE], MaxLatency(us), 13063
[UPDATE], 95thPercentileLatency(us), 2771
[UPDATE], 99thPercentileLatency(us), 4855
[UPDATE], Return=OK, 513