[OVERALL], RunTime(ms), 5365
[OVERALL], Throughput(ops/sec), 186.39328984156572
[TOTAL_GCS_G1_Young_Generation], Count, 11
[TOTAL_GC_TIME_G1_Young_Generation], Time(ms), 76
[TOTAL_GC_TIME_%_G1_Young_Generation], Time(%), 1.4165890027958994
[TOTAL_GCS_G1_Old_Generation], Count, 0
[TOTAL_GC_TIME_G1_Old_Generation], Time(ms), 0
[TOTAL_GC_TIME_%_G1_Old_Generation], Time(%), 0.0
[TOTAL_GCs], Count, 11
[TOTAL_GC_TIME], Time(ms), 76
[TOTAL_GC_TIME_%], Time(%), 1.4165890027958994
[CLEANUP], Operations, 1
[CLEANUP], AverageLatency(us), 3791.0
[CLEANUP], MinLatency(us), 3790
[CLEANUP], MaxLatency(us), 3791
[CLEANUP], 95thPercentileLatency(us), 3791
[CLEANUP], 99thPercentileLatency(us), 3791
[INSERT], Operations, 51
[INSERT], AverageLatency(us), 7949.333333333333
[INSERT], MinLatency(us), 4780
[INSERT], MaxLatency(us), 21727
[INSERT], 95thPercentileLatency(us), 10479
[INSERT], 99thPercentileLatency(us), 11671
[INSERT], Return=OK, 51
[SCAN], Operations, 949
[SCAN], AverageLatency(us), 4115.657534246576
[SCAN], MinLatency(us), 1661
[SCAN], MaxLatency(us), 170751
[SCAN], 95thPercentileLatency(us), 7151
[SCAN], 99thPercentileLatency(us), 10279
[SCAN], Return=OK, 949