0    [Thread-1] INFO  site.ycsb.db.DynamoDBClient  -dynamodb connection created with http://dynamodb.us-east-2.amazonaws.com
[OVERALL], RunTime(ms), 132101
[OVERALL], Throughput(ops/sec), 7.569965405258098
[TOTAL_GCS_Copy], Count, 31
[TOTAL_GC_TIME_Copy], Time(ms), 79
[TOTAL_GC_TIME_%_Copy], Time(%), 0.05980272670153897
[TOTAL_GCS_MarkSweepCompact], Count, 0
[TOTAL_GC_TIME_MarkSweepCompact], Time(ms), 0
[TOTAL_GC_TIME_%_MarkSweepCompact], Time(%), 0.0
[TOTAL_GCs], Count, 31
[TOTAL_GC_TIME], Time(ms), 79
[TOTAL_GC_TIME_%], Time(%), 0.05980272670153897
[READ], Operations, 1000
[READ], AverageLatency(us), 10186.285
[READ], MinLatency(us), 2862
[READ], MaxLatency(us), 1671167
[READ], 95thPercentileLatency(us), 9199
[READ], 99thPercentileLatency(us), 20735
[READ], Return=OK, 1000
[READ-MODIFY-WRITE], Operations, 501
[READ-MODIFY-WRITE], AverageLatency(us), 243040.90618762476
[READ-MODIFY-WRITE], MinLatency(us), 8116
[READ-MODIFY-WRITE], MaxLatency(us), 4292607
[READ-MODIFY-WRITE], 95thPercentileLatency(us), 1737727
[READ-MODIFY-WRITE], 99thPercentileLatency(us), 4077567
[CLEANUP], Operations, 1
[CLEANUP], AverageLatency(us), 2.0
[CLEANUP], MinLatency(us), 2
[CLEANUP], MaxLatency(us), 2
[CLEANUP], 95thPercentileLatency(us), 2
[CLEANUP], 99thPercentileLatency(us), 2
[UPDATE], Operations, 501
[UPDATE], AverageLatency(us), 238236.79840319362
[UPDATE], MinLatency(us), 5140
[UPDATE], MaxLatency(us), 4280319
[UPDATE], 95thPercentileLatency(us), 1734655
[UPDATE], 99thPercentileLatency(us), 4073471
[UPDATE], Return=OK, 501
