0    [Thread-1] INFO  site.ycsb.db.DynamoDBClient  -dynamodb connection created with http://dynamodb.us-east-2.amazonaws.com
[OVERALL], RunTime(ms), 42276
[OVERALL], Throughput(ops/sec), 23.6540826946731
[TOTAL_GCS_Copy], Count, 24
[TOTAL_GC_TIME_Copy], Time(ms), 44
[TOTAL_GC_TIME_%_Copy], Time(%), 0.10407796385656164
[TOTAL_GCS_MarkSweepCompact], Count, 0
[TOTAL_GC_TIME_MarkSweepCompact], Time(ms), 0
[TOTAL_GC_TIME_%_MarkSweepCompact], Time(%), 0.0
[TOTAL_GCs], Count, 24
[TOTAL_GC_TIME], Time(ms), 44
[TOTAL_GC_TIME_%], Time(%), 0.10407796385656164
[READ], Operations, 503
[READ], AverageLatency(us), 25153.632206759445
[READ], MinLatency(us), 2714
[READ], MaxLatency(us), 4007935
[READ], 95thPercentileLatency(us), 7551
[READ], 99thPercentileLatency(us), 539647
[READ], Return=OK, 503
[CLEANUP], Operations, 1
[CLEANUP], AverageLatency(us), 8.0
[CLEANUP], MinLatency(us), 8
[CLEANUP], MaxLatency(us), 8
[CLEANUP], 95thPercentileLatency(us), 8
[CLEANUP], 99thPercentileLatency(us), 8
[UPDATE], Operations, 497
[UPDATE], AverageLatency(us), 56991.91549295775
[UPDATE], MinLatency(us), 3928
[UPDATE], MaxLatency(us), 4081663
[UPDATE], 95thPercentileLatency(us), 9095
[UPDATE], 99thPercentileLatency(us), 1755135
[UPDATE], Return=OK, 497
