0    [Thread-1] INFO  site.ycsb.db.DynamoDBClient  -dynamodb connection created with http://dynamodb.us-east-2.amazonaws.com
[OVERALL], RunTime(ms), 42035
[OVERALL], Throughput(ops/sec), 23.789699060306887
[TOTAL_GCS_Copy], Count, 24
[TOTAL_GC_TIME_Copy], Time(ms), 44
[TOTAL_GC_TIME_%_Copy], Time(%), 0.1046746758653503
[TOTAL_GCS_MarkSweepCompact], Count, 0
[TOTAL_GC_TIME_MarkSweepCompact], Time(ms), 0
[TOTAL_GC_TIME_%_MarkSweepCompact], Time(%), 0.0
[TOTAL_GCs], Count, 24
[TOTAL_GC_TIME], Time(ms), 44
[TOTAL_GC_TIME_%], Time(%), 0.1046746758653503
[READ], Operations, 491
[READ], AverageLatency(us), 15326.904276985744
[READ], MinLatency(us), 3036
[READ], MaxLatency(us), 4061183
[READ], 95thPercentileLatency(us), 9111
[READ], 99thPercentileLatency(us), 20687
[READ], Return=OK, 491
[CLEANUP], Operations, 1
[CLEANUP], AverageLatency(us), 2.0
[CLEANUP], MinLatency(us), 2
[CLEANUP], MaxLatency(us), 2
[CLEANUP], 95thPercentileLatency(us), 2
[CLEANUP], 99thPercentileLatency(us), 2
[UPDATE], Operations, 509
[UPDATE], AverageLatency(us), 65322.27111984283
[UPDATE], MinLatency(us), 4288
[UPDATE], MaxLatency(us), 3944447
[UPDATE], 95thPercentileLatency(us), 11263
[UPDATE], 99thPercentileLatency(us), 1790975
[UPDATE], Return=OK, 509
