0    [Thread-1] INFO  site.ycsb.db.DynamoDBClient  -dynamodb connection created with http://dynamodb.us-east-2.amazonaws.com
[OVERALL], RunTime(ms), 63328
[OVERALL], Throughput(ops/sec), 15.790803436078829
[TOTAL_GCS_Copy], Count, 30
[TOTAL_GC_TIME_Copy], Time(ms), 52
[TOTAL_GC_TIME_%_Copy], Time(%), 0.08211217786760991
[TOTAL_GCS_MarkSweepCompact], Count, 0
[TOTAL_GC_TIME_MarkSweepCompact], Time(ms), 0
[TOTAL_GC_TIME_%_MarkSweepCompact], Time(%), 0.0
[TOTAL_GCs], Count, 30
[TOTAL_GC_TIME], Time(ms), 52
[TOTAL_GC_TIME_%], Time(%), 0.08211217786760991
[READ], Operations, 1000
[READ], AverageLatency(us), 4258.793
[READ], MinLatency(us), 2704
[READ], MaxLatency(us), 258687
[READ], 95thPercentileLatency(us), 9143
[READ], 99thPercentileLatency(us), 16143
[READ], Return=OK, 1000
[READ-MODIFY-WRITE], Operations, 500
[READ-MODIFY-WRITE], AverageLatency(us), 120114.316
[READ-MODIFY-WRITE], MinLatency(us), 7800
[READ-MODIFY-WRITE], MaxLatency(us), 4141055
[READ-MODIFY-WRITE], 95thPercentileLatency(us), 580095
[READ-MODIFY-WRITE], 99thPercentileLatency(us), 3792895
[CLEANUP], Operations, 1
[CLEANUP], AverageLatency(us), 14.0
[CLEANUP], MinLatency(us), 14
[CLEANUP], MaxLatency(us), 14
[CLEANUP], 95thPercentileLatency(us), 14
[CLEANUP], 99thPercentileLatency(us), 14
[UPDATE], Operations, 500
[UPDATE], AverageLatency(us), 115407.792
[UPDATE], MinLatency(us), 4964
[UPDATE], MaxLatency(us), 4136959
[UPDATE], 95thPercentileLatency(us), 577023
[UPDATE], 99thPercentileLatency(us), 3788799
[UPDATE], Return=OK, 500
