0    [Thread-1] INFO  site.ycsb.db.DynamoDBClient  -dynamodb connection created with http://dynamodb.us-east-2.amazonaws.com
25664 [Thread-1] ERROR site.ycsb.db.DynamoDBClient  -com.amazonaws.services.dynamodbv2.model.ProvisionedThroughputExceededException: The level of configured provisioned throughput for the table was exceeded. Consider increasing your provisioning level with the UpdateTable API. (Service: AmazonDynamoDBv2; Status Code: 400; Error Code: ProvisionedThroughputExceededException; Request ID: QPH0QBC0U31ULBGLPTR7I2VDH7VV4KQNSO5AEMVJF66Q9ASUAAJG)
32489 [Thread-1] ERROR site.ycsb.db.DynamoDBClient  -com.amazonaws.services.dynamodbv2.model.ProvisionedThroughputExceededException: The level of configured provisioned throughput for the table was exceeded. Consider increasing your provisioning level with the UpdateTable API. (Service: AmazonDynamoDBv2; Status Code: 400; Error Code: ProvisionedThroughputExceededException; Request ID: AUPFUS5CAKDS1Q1NN1UTT1T8SNVV4KQNSO5AEMVJF66Q9ASUAAJG)
37962 [Thread-1] ERROR site.ycsb.db.DynamoDBClient  -com.amazonaws.services.dynamodbv2.model.ProvisionedThroughputExceededException: The level of configured provisioned throughput for the table was exceeded. Consider increasing your provisioning level with the UpdateTable API. (Service: AmazonDynamoDBv2; Status Code: 400; Error Code: ProvisionedThroughputExceededException; Request ID: 971379BSOE2TFVJ9ES8IK8GPIJVV4KQNSO5AEMVJF66Q9ASUAAJG)
57548 [Thread-1] ERROR site.ycsb.db.DynamoDBClient  -com.amazonaws.services.dynamodbv2.model.ProvisionedThroughputExceededException: The level of configured provisioned throughput for the table was exceeded. Consider increasing your provisioning level with the UpdateTable API. (Service: AmazonDynamoDBv2; Status Code: 400; Error Code: ProvisionedThroughputExceededException; Request ID: VJ42R1F33AVUUE9DQ51BDM7MO3VV4KQNSO5AEMVJF66Q9ASUAAJG)
[OVERALL], RunTime(ms), 99377
[OVERALL], Throughput(ops/sec), 10.062690562202521
[TOTAL_GCS_Copy], Count, 29
[TOTAL_GC_TIME_Copy], Time(ms), 46
[TOTAL_GC_TIME_%_Copy], Time(%), 0.0462883765861316
[TOTAL_GCS_MarkSweepCompact], Count, 0
[TOTAL_GC_TIME_MarkSweepCompact], Time(ms), 0
[TOTAL_GC_TIME_%_MarkSweepCompact], Time(%), 0.0
[TOTAL_GCs], Count, 29
[TOTAL_GC_TIME], Time(ms), 46
[TOTAL_GC_TIME_%], Time(%), 0.0462883765861316
[CLEANUP], Operations, 1
[CLEANUP], AverageLatency(us), 2.0
[CLEANUP], MinLatency(us), 2
[CLEANUP], MaxLatency(us), 2
[CLEANUP], 95thPercentileLatency(us), 2
[CLEANUP], 99thPercentileLatency(us), 2
[INSERT], Operations, 1000
[INSERT], AverageLatency(us), 78137.53
[INSERT], MinLatency(us), 4068
[INSERT], MaxLatency(us), 4222975
[INSERT], 95thPercentileLatency(us), 18383
[INSERT], 99thPercentileLatency(us), 3862527
[INSERT], Return=OK, 1000
[INSERT], Return=ERROR, 4
[INSERT-FAILED], Operations, 4
[INSERT-FAILED], AverageLatency(us), 3936256.0
[INSERT-FAILED], MinLatency(us), 3809280
[INSERT-FAILED], MaxLatency(us), 4024319
[INSERT-FAILED], 95thPercentileLatency(us), 4024319
[INSERT-FAILED], 99thPercentileLatency(us), 4024319
