0    [Thread-1] INFO  site.ycsb.db.DynamoDBClient  -dynamodb connection created with http://dynamodb.us-east-2.amazonaws.com
[OVERALL], RunTime(ms), 17465
[OVERALL], Throughput(ops/sec), 57.2573718866304
[TOTAL_GCS_Copy], Count, 24
[TOTAL_GC_TIME_Copy], Time(ms), 44
[TOTAL_GC_TIME_%_Copy], Time(%), 0.2519324363011738
[TOTAL_GCS_MarkSweepCompact], Count, 0
[TOTAL_GC_TIME_MarkSweepCompact], Time(ms), 0
[TOTAL_GC_TIME_%_MarkSweepCompact], Time(%), 0.0
[TOTAL_GCs], Count, 24
[TOTAL_GC_TIME], Time(ms), 44
[TOTAL_GC_TIME_%], Time(%), 0.2519324363011738
[READ], Operations, 956
[READ], AverageLatency(us), 13492.824267782427
[READ], MinLatency(us), 2780
[READ], MaxLatency(us), 4032511
[READ], 95thPercentileLatency(us), 11727
[READ], 99thPercentileLatency(us), 18063
[READ], Return=OK, 956
[CLEANUP], Operations, 1
[CLEANUP], AverageLatency(us), 2.0
[CLEANUP], MinLatency(us), 2
[CLEANUP], MaxLatency(us), 2
[CLEANUP], 95thPercentileLatency(us), 2
[CLEANUP], 99thPercentileLatency(us), 2
[UPDATE], Operations, 44
[UPDATE], AverageLatency(us), 75076.86363636363
[UPDATE], MinLatency(us), 4116
[UPDATE], MaxLatency(us), 1785855
[UPDATE], 95thPercentileLatency(us), 584191
[UPDATE], 99thPercentileLatency(us), 1785855
[UPDATE], Return=OK, 44
