0    [Thread-1] INFO  site.ycsb.db.DynamoDBClient  -dynamodb connection created with http://dynamodb.us-east-2.amazonaws.com
4417 [Thread-1] ERROR site.ycsb.db.DynamoDBClient  -com.amazonaws.services.dynamodbv2.model.ProvisionedThroughputExceededException: The level of configured provisioned throughput for the table was exceeded. Consider increasing your provisioning level with the UpdateTable API. (Service: AmazonDynamoDBv2; Status Code: 400; Error Code: ProvisionedThroughputExceededException; Request ID: T5JTL450S6SL68V9F5PEERPJV7VV4KQNSO5AEMVJF66Q9ASUAAJG)
[OVERALL], RunTime(ms), 128095
[OVERALL], Throughput(ops/sec), 7.80670596042
[TOTAL_GCS_Copy], Count, 25
[TOTAL_GC_TIME_Copy], Time(ms), 47
[TOTAL_GC_TIME_%_Copy], Time(%), 0.036691518013974
[TOTAL_GCS_MarkSweepCompact], Count, 0
[TOTAL_GC_TIME_MarkSweepCompact], Time(ms), 0
[TOTAL_GC_TIME_%_MarkSweepCompact], Time(%), 0.0
[TOTAL_GCs], Count, 25
[TOTAL_GC_TIME], Time(ms), 47
[TOTAL_GC_TIME_%], Time(%), 0.036691518013974
[READ], Operations, 947
[READ], AverageLatency(us), 128999.59978880676
[READ], MinLatency(us), 2624
[READ], MaxLatency(us), 4259839
[READ], 95thPercentileLatency(us), 13799
[READ], 99thPercentileLatency(us), 3921919
[READ], Return=OK, 947
[READ], Return=ERROR, 1
[CLEANUP], Operations, 1
[CLEANUP], AverageLatency(us), 2.0
[CLEANUP], MinLatency(us), 2
[CLEANUP], MaxLatency(us), 2
[CLEANUP], 95thPercentileLatency(us), 2
[CLEANUP], 99thPercentileLatency(us), 2
[INSERT], Operations, 52
[INSERT], AverageLatency(us), 11102.346153846154
[INSERT], MinLatency(us), 4228
[INSERT], MaxLatency(us), 280319
[INSERT], 95thPercentileLatency(us), 10719
[INSERT], 99thPercentileLatency(us), 12007
[INSERT], Return=OK, 52
[READ-FAILED], Operations, 1
[READ-FAILED], AverageLatency(us), 4088832.0
[READ-FAILED], MinLatency(us), 4087808
[READ-FAILED], MaxLatency(us), 4089855
[READ-FAILED], 95thPercentileLatency(us), 4089855
[READ-FAILED], 99thPercentileLatency(us), 4089855
