0    [Thread-1] INFO  site.ycsb.db.DynamoDBClient  -dynamodb connection created with http://dynamodb.us-east-2.amazonaws.com
54909 [Thread-1] ERROR site.ycsb.db.DynamoDBClient  -com.amazonaws.services.dynamodbv2.model.ProvisionedThroughputExceededException: The level of configured provisioned throughput for the table was exceeded. Consider increasing your provisioning level with the UpdateTable API. (Service: AmazonDynamoDBv2; Status Code: 400; Error Code: ProvisionedThroughputExceededException; Request ID: 7VPJS5CJVDVS0AE08CSTHOFGNBVV4KQNSO5AEMVJF66Q9ASUAAJG)
[OVERALL], RunTime(ms), 93015
[OVERALL], Throughput(ops/sec), 10.750954147180563
[TOTAL_GCS_Copy], Count, 31
[TOTAL_GC_TIME_Copy], Time(ms), 48
[TOTAL_GC_TIME_%_Copy], Time(%), 0.0516045799064667
[TOTAL_GCS_MarkSweepCompact], Count, 0
[TOTAL_GC_TIME_MarkSweepCompact], Time(ms), 0
[TOTAL_GC_TIME_%_MarkSweepCompact], Time(%), 0.0
[TOTAL_GCs], Count, 31
[TOTAL_GC_TIME], Time(ms), 48
[TOTAL_GC_TIME_%], Time(%), 0.0516045799064667
[READ], Operations, 1000
[READ], AverageLatency(us), 4261.529
[READ], MinLatency(us), 2712
[READ], MaxLatency(us), 235263
[READ], 95thPercentileLatency(us), 9679
[READ], 99thPercentileLatency(us), 16431
[READ], Return=OK, 1000
[UPDATE-FAILED], Operations, 1
[UPDATE-FAILED], AverageLatency(us), 3732480.0
[UPDATE-FAILED], MinLatency(us), 3731456
[UPDATE-FAILED], MaxLatency(us), 3733503
[UPDATE-FAILED], 95thPercentileLatency(us), 3733503
[UPDATE-FAILED], 99thPercentileLatency(us), 3733503
[READ-MODIFY-WRITE], Operations, 485
[READ-MODIFY-WRITE], AverageLatency(us), 185050.39587628865
[READ-MODIFY-WRITE], MinLatency(us), 7820
[READ-MODIFY-WRITE], MaxLatency(us), 4036607
[READ-MODIFY-WRITE], 95thPercentileLatency(us), 1610751
[READ-MODIFY-WRITE], 99thPercentileLatency(us), 3741695
[CLEANUP], Operations, 1
[CLEANUP], AverageLatency(us), 2.0
[CLEANUP], MinLatency(us), 2
[CLEANUP], MaxLatency(us), 2
[CLEANUP], 95thPercentileLatency(us), 2
[CLEANUP], 99thPercentileLatency(us), 2
[UPDATE], Operations, 484
[UPDATE], AverageLatency(us), 173098.89256198346
[UPDATE], MinLatency(us), 4896
[UPDATE], MaxLatency(us), 4028415
[UPDATE], 95thPercentileLatency(us), 1576959
[UPDATE], 99thPercentileLatency(us), 3710975
[UPDATE], Return=OK, 484
[UPDATE], Return=ERROR, 1
