0    [Thread-1] INFO  site.ycsb.db.DynamoDBClient  -dynamodb connection created with http://dynamodb.us-east-2.amazonaws.com
5033 [Thread-1] ERROR site.ycsb.db.DynamoDBClient  -com.amazonaws.services.dynamodbv2.model.ProvisionedThroughputExceededException: The level of configured provisioned throughput for the table was exceeded. Consider increasing your provisioning level with the UpdateTable API. (Service: AmazonDynamoDBv2; Status Code: 400; Error Code: ProvisionedThroughputExceededException; Request ID: LCIR31DQ8T10IGKH6MKP7RPRQ7VV4KQNSO5AEMVJF66Q9ASUAAJG)
[OVERALL], RunTime(ms), 66226
[OVERALL], Throughput(ops/sec), 15.099809742397246
[TOTAL_GCS_Copy], Count, 24
[TOTAL_GC_TIME_Copy], Time(ms), 44
[TOTAL_GC_TIME_%_Copy], Time(%), 0.06643916286654789
[TOTAL_GCS_MarkSweepCompact], Count, 0
[TOTAL_GC_TIME_MarkSweepCompact], Time(ms), 0
[TOTAL_GC_TIME_%_MarkSweepCompact], Time(%), 0.0
[TOTAL_GCs], Count, 24
[TOTAL_GC_TIME], Time(ms), 44
[TOTAL_GC_TIME_%], Time(%), 0.06643916286654789
[READ], Operations, 956
[READ], AverageLatency(us), 63554.83577405858
[READ], MinLatency(us), 2928
[READ], MaxLatency(us), 4288511
[READ], 95thPercentileLatency(us), 10799
[READ], 99thPercentileLatency(us), 1746943
[READ], Return=OK, 956
[READ], Return=ERROR, 1
[CLEANUP], Operations, 1
[CLEANUP], AverageLatency(us), 2.0
[CLEANUP], MinLatency(us), 2
[CLEANUP], MaxLatency(us), 2
[CLEANUP], 95thPercentileLatency(us), 2
[CLEANUP], 99thPercentileLatency(us), 2
[UPDATE], Operations, 43
[UPDATE], AverageLatency(us), 6293.023255813953
[UPDATE], MinLatency(us), 4412
[UPDATE], MaxLatency(us), 20127
[UPDATE], 95thPercentileLatency(us), 11231
[UPDATE], 99thPercentileLatency(us), 20127
[UPDATE], Return=OK, 43
[READ-FAILED], Operations, 1
[READ-FAILED], AverageLatency(us), 3927040.0
[READ-FAILED], MinLatency(us), 3926016
[READ-FAILED], MaxLatency(us), 3928063
[READ-FAILED], 95thPercentileLatency(us), 3928063
[READ-FAILED], 99thPercentileLatency(us), 3928063
