0    [Thread-1] INFO  site.ycsb.db.DynamoDBClient  -dynamodb connection created with http://dynamodb.us-east-2.amazonaws.com
[OVERALL], RunTime(ms), 44082
[OVERALL], Throughput(ops/sec), 22.684996143550656
[TOTAL_GCS_Copy], Count, 24
[TOTAL_GC_TIME_Copy], Time(ms), 44
[TOTAL_GC_TIME_%_Copy], Time(%), 0.09981398303162288
[TOTAL_GCS_MarkSweepCompact], Count, 0
[TOTAL_GC_TIME_MarkSweepCompact], Time(ms), 0
[TOTAL_GC_TIME_%_MarkSweepCompact], Time(%), 0.0
[TOTAL_GCs], Count, 24
[TOTAL_GC_TIME], Time(ms), 44
[TOTAL_GC_TIME_%], Time(%), 0.09981398303162288
[READ], Operations, 471
[READ], AverageLatency(us), 22251.414012738853
[READ], MinLatency(us), 2722
[READ], MaxLatency(us), 1812479
[READ], 95thPercentileLatency(us), 7823
[READ], 99thPercentileLatency(us), 588287
[READ], Return=OK, 471
[CLEANUP], Operations, 1
[CLEANUP], AverageLatency(us), 2.0
[CLEANUP], MinLatency(us), 2
[CLEANUP], MaxLatency(us), 2
[CLEANUP], 95thPercentileLatency(us), 2
[CLEANUP], 99thPercentileLatency(us), 2
[UPDATE], Operations, 529
[UPDATE], AverageLatency(us), 61174.529300567105
[UPDATE], MinLatency(us), 3894
[UPDATE], MaxLatency(us), 3999743
[UPDATE], 95thPercentileLatency(us), 10807
[UPDATE], 99thPercentileLatency(us), 1757183
[UPDATE], Return=OK, 529
