0    [Thread-1] INFO  site.ycsb.db.DynamoDBClient  -dynamodb connection created with http://dynamodb.us-east-2.amazonaws.com
[OVERALL], RunTime(ms), 7046
[OVERALL], Throughput(ops/sec), 141.92449616803862
[TOTAL_GCS_Copy], Count, 24
[TOTAL_GC_TIME_Copy], Time(ms), 42
[TOTAL_GC_TIME_%_Copy], Time(%), 0.5960828839057621
[TOTAL_GCS_MarkSweepCompact], Count, 0
[TOTAL_GC_TIME_MarkSweepCompact], Time(ms), 0
[TOTAL_GC_TIME_%_MarkSweepCompact], Time(%), 0.0
[TOTAL_GCs], Count, 24
[TOTAL_GC_TIME], Time(ms), 42
[TOTAL_GC_TIME_%], Time(%), 0.5960828839057621
[READ], Operations, 961
[READ], AverageLatency(us), 5151.531737773153
[READ], MinLatency(us), 3284
[READ], MaxLatency(us), 234367
[READ], 95thPercentileLatency(us), 12047
[READ], 99thPercentileLatency(us), 17711
[READ], Return=OK, 961
[CLEANUP], Operations, 1
[CLEANUP], AverageLatency(us), 2.0
[CLEANUP], MinLatency(us), 2
[CLEANUP], MaxLatency(us), 2
[CLEANUP], 95thPercentileLatency(us), 2
[CLEANUP], 99thPercentileLatency(us), 2
[INSERT], Operations, 39
[INSERT], AverageLatency(us), 22404.51282051282
[INSERT], MinLatency(us), 4540
[INSERT], MaxLatency(us), 617471
[INSERT], 95thPercentileLatency(us), 15959
[INSERT], 99thPercentileLatency(us), 617471
[INSERT], Return=OK, 39
