0    [Thread-1] INFO  site.ycsb.db.DynamoDBClient  -dynamodb connection created with http://dynamodb.us-east-2.amazonaws.com
[OVERALL], RunTime(ms), 87483
[OVERALL], Throughput(ops/sec), 11.43079226821211
[TOTAL_GCS_Copy], Count, 24
[TOTAL_GC_TIME_Copy], Time(ms), 44
[TOTAL_GC_TIME_%_Copy], Time(%), 0.05029548598013328
[TOTAL_GCS_MarkSweepCompact], Count, 0
[TOTAL_GC_TIME_MarkSweepCompact], Time(ms), 0
[TOTAL_GC_TIME_%_MarkSweepCompact], Time(%), 0.0
[TOTAL_GCs], Count, 24
[TOTAL_GC_TIME], Time(ms), 44
[TOTAL_GC_TIME_%], Time(%), 0.05029548598013328
[READ], Operations, 952
[READ], AverageLatency(us), 90266.01575630253
[READ], MinLatency(us), 2638
[READ], MaxLatency(us), 4227071
[READ], 95thPercentileLatency(us), 539647
[READ], 99thPercentileLatency(us), 1775615
[READ], Return=OK, 952
[CLEANUP], Operations, 1
[CLEANUP], AverageLatency(us), 2.0
[CLEANUP], MinLatency(us), 2
[CLEANUP], MaxLatency(us), 2
[CLEANUP], 95thPercentileLatency(us), 2
[CLEANUP], 99thPercentileLatency(us), 2
[UPDATE], Operations, 48
[UPDATE], AverageLatency(us), 5542.833333333333
[UPDATE], MinLatency(us), 4120
[UPDATE], MaxLatency(us), 15415
[UPDATE], 95thPercentileLatency(us), 10975
[UPDATE], 99thPercentileLatency(us), 15415
[UPDATE], Return=OK, 48
