0    [Thread-1] INFO  site.ycsb.db.DynamoDBClient  -dynamodb connection created with http://dynamodb.us-east-2.amazonaws.com
[OVERALL], RunTime(ms), 94297
[OVERALL], Throughput(ops/sec), 10.604791244684348
[TOTAL_GCS_Copy], Count, 30
[TOTAL_GC_TIME_Copy], Time(ms), 50
[TOTAL_GC_TIME_%_Copy], Time(%), 0.053023956223421743
[TOTAL_GCS_MarkSweepCompact], Count, 0
[TOTAL_GC_TIME_MarkSweepCompact], Time(ms), 0
[TOTAL_GC_TIME_%_MarkSweepCompact], Time(%), 0.0
[TOTAL_GCs], Count, 30
[TOTAL_GC_TIME], Time(ms), 50
[TOTAL_GC_TIME_%], Time(%), 0.053023956223421743
[READ], Operations, 1000
[READ], AverageLatency(us), 4121.353
[READ], MinLatency(us), 2702
[READ], MaxLatency(us), 284927
[READ], 95thPercentileLatency(us), 7995
[READ], 99thPercentileLatency(us), 10391
[READ], Return=OK, 1000
[READ-MODIFY-WRITE], Operations, 493
[READ-MODIFY-WRITE], AverageLatency(us), 184214.87626774848
[READ-MODIFY-WRITE], MinLatency(us), 7704
[READ-MODIFY-WRITE], MaxLatency(us), 4259839
[READ-MODIFY-WRITE], 95thPercentileLatency(us), 628223
[READ-MODIFY-WRITE], 99thPercentileLatency(us), 4130815
[CLEANUP], Operations, 1
[CLEANUP], AverageLatency(us), 2.0
[CLEANUP], MinLatency(us), 2
[CLEANUP], MaxLatency(us), 2
[CLEANUP], 95thPercentileLatency(us), 2
[CLEANUP], 99thPercentileLatency(us), 2
[UPDATE], Operations, 493
[UPDATE], AverageLatency(us), 180309.01014198782
[UPDATE], MinLatency(us), 4916
[UPDATE], MaxLatency(us), 4251647
[UPDATE], 95thPercentileLatency(us), 625151
[UPDATE], 99thPercentileLatency(us), 4126719
[UPDATE], Return=OK, 493
