0    [Thread-1] INFO  site.ycsb.db.DynamoDBClient  -dynamodb connection created with http://dynamodb.us-east-2.amazonaws.com
[OVERALL], RunTime(ms), 193545
[OVERALL], Throughput(ops/sec), 5.166757084915653
[TOTAL_GCS_Copy], Count, 30
[TOTAL_GC_TIME_Copy], Time(ms), 54
[TOTAL_GC_TIME_%_Copy], Time(%), 0.027900488258544524
[TOTAL_GCS_MarkSweepCompact], Count, 0
[TOTAL_GC_TIME_MarkSweepCompact], Time(ms), 0
[TOTAL_GC_TIME_%_MarkSweepCompact], Time(%), 0.0
[TOTAL_GCs], Count, 30
[TOTAL_GC_TIME], Time(ms), 54
[TOTAL_GC_TIME_%], Time(%), 0.027900488258544524
[CLEANUP], Operations, 1
[CLEANUP], AverageLatency(us), 2.0
[CLEANUP], MinLatency(us), 2
[CLEANUP], MaxLatency(us), 2
[CLEANUP], 95thPercentileLatency(us), 2
[CLEANUP], 99thPercentileLatency(us), 2
[INSERT], Operations, 1000
[INSERT], AverageLatency(us), 192291.874
[INSERT], MinLatency(us), 4948
[INSERT], MaxLatency(us), 4169727
[INSERT], 95thPercentileLatency(us), 1692671
[INSERT], 99thPercentileLatency(us), 4009983
[INSERT], Return=OK, 1000
