0    [Thread-1] INFO  site.ycsb.db.DynamoDBClient  -dynamodb connection created with http://dynamodb.us-east-2.amazonaws.com
[OVERALL], RunTime(ms), 10606
[OVERALL], Throughput(ops/sec), 94.28625306430322
[TOTAL_GCS_Copy], Count, 24
[TOTAL_GC_TIME_Copy], Time(ms), 43
[TOTAL_GC_TIME_%_Copy], Time(%), 0.4054308881765039
[TOTAL_GCS_MarkSweepCompact], Count, 0
[TOTAL_GC_TIME_MarkSweepCompact], Time(ms), 0
[TOTAL_GC_TIME_%_MarkSweepCompact], Time(%), 0.0
[TOTAL_GCs], Count, 24
[TOTAL_GC_TIME], Time(ms), 43
[TOTAL_GC_TIME_%], Time(%), 0.4054308881765039
[READ], Operations, 951
[READ], AverageLatency(us), 3838.21556256572
[READ], MinLatency(us), 2674
[READ], MaxLatency(us), 251007
[READ], 95thPercentileLatency(us), 6955
[READ], 99thPercentileLatency(us), 10671
[READ], Return=OK, 951
[CLEANUP], Operations, 1
[CLEANUP], AverageLatency(us), 2.0
[CLEANUP], MinLatency(us), 2
[CLEANUP], MaxLatency(us), 2
[CLEANUP], 95thPercentileLatency(us), 2
[CLEANUP], 99thPercentileLatency(us), 2
[UPDATE], Operations, 49
[UPDATE], AverageLatency(us), 116169.22448979592
[UPDATE], MinLatency(us), 5164
[UPDATE], MaxLatency(us), 1832959
[UPDATE], 95thPercentileLatency(us), 1763327
[UPDATE], 99thPercentileLatency(us), 1832959
[UPDATE], Return=OK, 49
