0    [Thread-1] INFO  site.ycsb.db.DynamoDBClient  -dynamodb connection created with http://dynamodb.us-east-2.amazonaws.com
14576 [Thread-1] ERROR site.ycsb.db.DynamoDBClient  -com.amazonaws.services.dynamodbv2.model.ProvisionedThroughputExceededException: The level of configured provisioned throughput for the table was exceeded. Consider increasing your provisioning level with the UpdateTable API. (Service: AmazonDynamoDBv2; Status Code: 400; Error Code: ProvisionedThroughputExceededException; Request ID: QOB32R36BNEDN0JK025CQ0SSINVV4KQNSO5AEMVJF66Q9ASUAAJG)
24539 [Thread-1] ERROR site.ycsb.db.DynamoDBClient  -com.amazonaws.services.dynamodbv2.model.ProvisionedThroughputExceededException: The level of configured provisioned throughput for the table was exceeded. Consider increasing your provisioning level with the UpdateTable API. (Service: AmazonDynamoDBv2; Status Code: 400; Error Code: ProvisionedThroughputExceededException; Request ID: HRLJE76B17K4NA510S505MQ597VV4KQNSO5AEMVJF66Q9ASUAAJG)
36316 [Thread-1] ERROR site.ycsb.db.DynamoDBClient  -com.amazonaws.services.dynamodbv2.model.ProvisionedThroughputExceededException: The level of configured provisioned throughput for the table was exceeded. Consider increasing your provisioning level with the UpdateTable API. (Service: AmazonDynamoDBv2; Status Code: 400; Error Code: ProvisionedThroughputExceededException; Request ID: RDA9GDLMU1VGBOOUUIEEMN2G8FVV4KQNSO5AEMVJF66Q9ASUAAJG)
41341 [Thread-1] ERROR site.ycsb.db.DynamoDBClient  -com.amazonaws.services.dynamodbv2.model.ProvisionedThroughputExceededException: The level of configured provisioned throughput for the table was exceeded. Consider increasing your provisioning level with the UpdateTable API. (Service: AmazonDynamoDBv2; Status Code: 400; Error Code: ProvisionedThroughputExceededException; Request ID: 39VRNA3FH7KFI18CUSQMKQ0MBBVV4KQNSO5AEMVJF66Q9ASUAAJG)
50935 [Thread-1] ERROR site.ycsb.db.DynamoDBClient  -com.amazonaws.services.dynamodbv2.model.ProvisionedThroughputExceededException: The level of configured provisioned throughput for the table was exceeded. Consider increasing your provisioning level with the UpdateTable API. (Service: AmazonDynamoDBv2; Status Code: 400; Error Code: ProvisionedThroughputExceededException; Request ID: MB0B9NLS4SFRSID7U3I7KFQLKVVV4KQNSO5AEMVJF66Q9ASUAAJG)
72728 [Thread-1] ERROR site.ycsb.db.DynamoDBClient  -com.amazonaws.services.dynamodbv2.model.ProvisionedThroughputExceededException: The level of configured provisioned throughput for the table was exceeded. Consider increasing your provisioning level with the UpdateTable API. (Service: AmazonDynamoDBv2; Status Code: 400; Error Code: ProvisionedThroughputExceededException; Request ID: V3S06T8L1PO903NKCC9D9APRBFVV4KQNSO5AEMVJF66Q9ASUAAJG)
96246 [Thread-1] ERROR site.ycsb.db.DynamoDBClient  -com.amazonaws.services.dynamodbv2.model.ProvisionedThroughputExceededException: The level of configured provisioned throughput for the table was exceeded. Consider increasing your provisioning level with the UpdateTable API. (Service: AmazonDynamoDBv2; Status Code: 400; Error Code: ProvisionedThroughputExceededException; Request ID: 7UA9V4MS7LADIS0F6N8TSDDD5VVV4KQNSO5AEMVJF66Q9ASUAAJG)
106765 [Thread-1] ERROR site.ycsb.db.DynamoDBClient  -com.amazonaws.services.dynamodbv2.model.ProvisionedThroughputExceededException: The level of configured provisioned throughput for the table was exceeded. Consider increasing your provisioning level with the UpdateTable API. (Service: AmazonDynamoDBv2; Status Code: 400; Error Code: ProvisionedThroughputExceededException; Request ID: VK2NHRSPB4TUVV235F27RQDKCVVV4KQNSO5AEMVJF66Q9ASUAAJG)
113886 [Thread-1] ERROR site.ycsb.db.DynamoDBClient  -com.amazonaws.services.dynamodbv2.model.ProvisionedThroughputExceededException: The level of configured provisioned throughput for the table was exceeded. Consider increasing your provisioning level with the UpdateTable API. (Service: AmazonDynamoDBv2; Status Code: 400; Error Code: ProvisionedThroughputExceededException; Request ID: 4GFPI5SC0UR1T2PD6Q6IRCTF2JVV4KQNSO5AEMVJF66Q9ASUAAJG)
118860 [Thread-1] ERROR site.ycsb.db.DynamoDBClient  -com.amazonaws.services.dynamodbv2.model.ProvisionedThroughputExceededException: The level of configured provisioned throughput for the table was exceeded. Consider increasing your provisioning level with the UpdateTable API. (Service: AmazonDynamoDBv2; Status Code: 400; Error Code: ProvisionedThroughputExceededException; Request ID: Q7V48NVR8SRDPOTABL6PFG3313VV4KQNSO5AEMVJF66Q9ASUAAJG)
125891 [Thread-1] ERROR site.ycsb.db.DynamoDBClient  -com.amazonaws.services.dynamodbv2.model.ProvisionedThroughputExceededException: The level of configured provisioned throughput for the table was exceeded. Consider increasing your provisioning level with the UpdateTable API. (Service: AmazonDynamoDBv2; Status Code: 400; Error Code: ProvisionedThroughputExceededException; Request ID: ESJFP22PSHJQC660DC2BB870E7VV4KQNSO5AEMVJF66Q9ASUAAJG)
131869 [Thread-1] ERROR site.ycsb.db.DynamoDBClient  -com.amazonaws.services.dynamodbv2.model.ProvisionedThroughputExceededException: The level of configured provisioned throughput for the table was exceeded. Consider increasing your provisioning level with the UpdateTable API. (Service: AmazonDynamoDBv2; Status Code: 400; Error Code: ProvisionedThroughputExceededException; Request ID: B7SFV5Q8PHQ2UKS24KJJ4D83KBVV4KQNSO5AEMVJF66Q9ASUAAJG)
137924 [Thread-1] ERROR site.ycsb.db.DynamoDBClient  -com.amazonaws.services.dynamodbv2.model.ProvisionedThroughputExceededException: The level of configured provisioned throughput for the table was exceeded. Consider increasing your provisioning level with the UpdateTable API. (Service: AmazonDynamoDBv2; Status Code: 400; Error Code: ProvisionedThroughputExceededException; Request ID: SKCI6CEO8IG78LG9KJS71F00NJVV4KQNSO5AEMVJF66Q9ASUAAJG)
143053 [Thread-1] ERROR site.ycsb.db.DynamoDBClient  -com.amazonaws.services.dynamodbv2.model.ProvisionedThroughputExceededException: The level of configured provisioned throughput for the table was exceeded. Consider increasing your provisioning level with the UpdateTable API. (Service: AmazonDynamoDBv2; Status Code: 400; Error Code: ProvisionedThroughputExceededException; Request ID: F5V57C229ELJIRD7FJI5548V8RVV4KQNSO5AEMVJF66Q9ASUAAJG)
148879 [Thread-1] ERROR site.ycsb.db.DynamoDBClient  -com.amazonaws.services.dynamodbv2.model.ProvisionedThroughputExceededException: The level of configured provisioned throughput for the table was exceeded. Consider increasing your provisioning level with the UpdateTable API. (Service: AmazonDynamoDBv2; Status Code: 400; Error Code: ProvisionedThroughputExceededException; Request ID: 6VL2FRPPGVI4N7RGCL8JJE30CVVV4KQNSO5AEMVJF66Q9ASUAAJG)
172650 [Thread-1] ERROR site.ycsb.db.DynamoDBClient  -com.amazonaws.services.dynamodbv2.model.ProvisionedThroughputExceededException: The level of configured provisioned throughput for the table was exceeded. Consider increasing your provisioning level with the UpdateTable API. (Service: AmazonDynamoDBv2; Status Code: 400; Error Code: ProvisionedThroughputExceededException; Request ID: 05KU4AFJBUQODEVMEQ6QLJ38FRVV4KQNSO5AEMVJF66Q9ASUAAJG)
177518 [Thread-1] ERROR site.ycsb.db.DynamoDBClient  -com.amazonaws.services.dynamodbv2.model.ProvisionedThroughputExceededException: The level of configured provisioned throughput for the table was exceeded. Consider increasing your provisioning level with the UpdateTable API. (Service: AmazonDynamoDBv2; Status Code: 400; Error Code: ProvisionedThroughputExceededException; Request ID: H3F03S7M1TBKFENG8QEG5689INVV4KQNSO5AEMVJF66Q9ASUAAJG)
187147 [Thread-1] ERROR site.ycsb.db.DynamoDBClient  -com.amazonaws.services.dynamodbv2.model.ProvisionedThroughputExceededException: The level of configured provisioned throughput for the table was exceeded. Consider increasing your provisioning level with the UpdateTable API. (Service: AmazonDynamoDBv2; Status Code: 400; Error Code: ProvisionedThroughputExceededException; Request ID: MNQUTIJ9DPS15IDOAMTR6GD57JVV4KQNSO5AEMVJF66Q9ASUAAJG)
194387 [Thread-1] ERROR site.ycsb.db.DynamoDBClient  -com.amazonaws.services.dynamodbv2.model.ProvisionedThroughputExceededException: The level of configured provisioned throughput for the table was exceeded. Consider increasing your provisioning level with the UpdateTable API. (Service: AmazonDynamoDBv2; Status Code: 400; Error Code: ProvisionedThroughputExceededException; Request ID: K2HNJ99REK7ERK5V50NQT1T6GBVV4KQNSO5AEMVJF66Q9ASUAAJG)
199593 [Thread-1] ERROR site.ycsb.db.DynamoDBClient  -com.amazonaws.services.dynamodbv2.model.ProvisionedThroughputExceededException: The level of configured provisioned throughput for the table was exceeded. Consider increasing your provisioning level with the UpdateTable API. (Service: AmazonDynamoDBv2; Status Code: 400; Error Code: ProvisionedThroughputExceededException; Request ID: HN8MLO7U5OK2COJADCH9J5B4GNVV4KQNSO5AEMVJF66Q9ASUAAJG)
[OVERALL], RunTime(ms), 201726
[OVERALL], Throughput(ops/sec), 4.957219198318511
[TOTAL_GCS_Copy], Count, 30
[TOTAL_GC_TIME_Copy], Time(ms), 47
[TOTAL_GC_TIME_%_Copy], Time(%), 0.023298930232097004
[TOTAL_GCS_MarkSweepCompact], Count, 0
[TOTAL_GC_TIME_MarkSweepCompact], Time(ms), 0
[TOTAL_GC_TIME_%_MarkSweepCompact], Time(%), 0.0
[TOTAL_GCs], Count, 30
[TOTAL_GC_TIME], Time(ms), 47
[TOTAL_GC_TIME_%], Time(%), 0.023298930232097004
[CLEANUP], Operations, 1
[CLEANUP], AverageLatency(us), 7.0
[CLEANUP], MinLatency(us), 7
[CLEANUP], MaxLatency(us), 7
[CLEANUP], 95thPercentileLatency(us), 7
[CLEANUP], 99thPercentileLatency(us), 7
[INSERT], Operations, 1000
[INSERT], AverageLatency(us), 101271.434
[INSERT], MinLatency(us), 4980
[INSERT], MaxLatency(us), 4313087
[INSERT], 95thPercentileLatency(us), 20175
[INSERT], 99thPercentileLatency(us), 3870719
[INSERT], Return=OK, 1000
[INSERT], Return=ERROR, 20
[INSERT-FAILED], Operations, 20
[INSERT-FAILED], AverageLatency(us), 4011980.8
[INSERT-FAILED], MinLatency(us), 3674112
[INSERT-FAILED], MaxLatency(us), 4259839
[INSERT-FAILED], 95thPercentileLatency(us), 4218879
[INSERT-FAILED], 99thPercentileLatency(us), 4259839
