0    [Thread-1] INFO  site.ycsb.db.DynamoDBClient  -dynamodb connection created with http://dynamodb.us-east-2.amazonaws.com
[OVERALL], RunTime(ms), 11224
[OVERALL], Throughput(ops/sec), 89.09479686386315
[TOTAL_GCS_Copy], Count, 24
[TOTAL_GC_TIME_Copy], Time(ms), 43
[TOTAL_GC_TIME_%_Copy], Time(%), 0.38310762651461155
[TOTAL_GCS_MarkSweepCompact], Count, 0
[TOTAL_GC_TIME_MarkSweepCompact], Time(ms), 0
[TOTAL_GC_TIME_%_MarkSweepCompact], Time(%), 0.0
[TOTAL_GCs], Count, 24
[TOTAL_GC_TIME], Time(ms), 43
[TOTAL_GC_TIME_%], Time(%), 0.38310762651461155
[READ], Operations, 938
[READ], AverageLatency(us), 4113.622601279318
[READ], MinLatency(us), 2864
[READ], MaxLatency(us), 241407
[READ], 95thPercentileLatency(us), 7119
[READ], 99thPercentileLatency(us), 10543
[READ], Return=OK, 938
[CLEANUP], Operations, 1
[CLEANUP], AverageLatency(us), 2.0
[CLEANUP], MinLatency(us), 2
[CLEANUP], MaxLatency(us), 2
[CLEANUP], 95thPercentileLatency(us), 2
[CLEANUP], 99thPercentileLatency(us), 2
[INSERT], Operations, 62
[INSERT], AverageLatency(us), 98435.70967741935
[INSERT], MinLatency(us), 5268
[INSERT], MaxLatency(us), 1814527
[INSERT], 95thPercentileLatency(us), 573439
[INSERT], 99thPercentileLatency(us), 1602559
[INSERT], Return=OK, 62
