Loading workload...
Starting test.
2024-04-10 01:26:14:859 0 sec: 0 operations; est completion in 0 second 
mongo client connection created with mongodb://10.142.0.4:27017/ycsb
DBWrapper: report latency for each error is false and specific error codes to track for latency are: []
2024-04-10 01:26:21:883 7 sec: 1000 operations; 140.1 current ops/sec; [CLEANUP: Count=1, Max=3921, Min=3920, Avg=3921, 90=3921, 99=3921, 99.9=3921, 99.99=3921] [INSERT: Count=1000, Max=248703, Min=3646, Avg=6023.64, 90=7315, 99=9703, 99.9=15319, 99.99=248703] 
[OVERALL], RunTime(ms), 7141
[OVERALL], Throughput(ops/sec), 140.0364094664613
[TOTAL_GCS_G1_Young_Generation], Count, 4
[TOTAL_GC_TIME_G1_Young_Generation], Time(ms), 44
[TOTAL_GC_TIME_%_G1_Young_Generation], Time(%), 0.6161602016524296
[TOTAL_GCS_G1_Old_Generation], Count, 0
[TOTAL_GC_TIME_G1_Old_Generation], Time(ms), 0
[TOTAL_GC_TIME_%_G1_Old_Generation], Time(%), 0.0
[TOTAL_GCs], Count, 4
[TOTAL_GC_TIME], Time(ms), 44
[TOTAL_GC_TIME_%], Time(%), 0.6161602016524296
[CLEANUP], Operations, 1
[CLEANUP], AverageLatency(us), 3921.0
[CLEANUP], MinLatency(us), 3920
[CLEANUP], MaxLatency(us), 3921
[CLEANUP], 95thPercentileLatency(us), 3921
[CLEANUP], 99thPercentileLatency(us), 3921
[INSERT], Operations, 1000
[INSERT], AverageLatency(us), 6023.635
[INSERT], MinLatency(us), 3646
[INSERT], MaxLatency(us), 248703
[INSERT], 95thPercentileLatency(us), 8231
[INSERT], 99thPercentileLatency(us), 9703
[INSERT], Return=OK, 1000

