Loading workload...
Starting test.
2024-04-10 01:28:26:906 0 sec: 0 operations; est completion in 0 second 
mongo client connection created with mongodb://10.142.0.4:27017/ycsb
DBWrapper: report latency for each error is false and specific error codes to track for latency are: []
2024-04-10 01:28:30:267 3 sec: 1000 operations; 290.61 current ops/sec; [READ: Count=1000, Max=179967, Min=1222, Avg=2397.73, 90=3337, 99=6319, 99.9=12391, 99.99=179967] [CLEANUP: Count=1, Max=4535, Min=4532, Avg=4534, 90=4535, 99=4535, 99.9=4535, 99.99=4535] 
[OVERALL], RunTime(ms), 3441
[OVERALL], Throughput(ops/sec), 290.6131938390003
[TOTAL_GCS_G1_Young_Generation], Count, 4
[TOTAL_GC_TIME_G1_Young_Generation], Time(ms), 48
[TOTAL_GC_TIME_%_G1_Young_Generation], Time(%), 1.3949433304272014
[TOTAL_GCS_G1_Old_Generation], Count, 0
[TOTAL_GC_TIME_G1_Old_Generation], Time(ms), 0
[TOTAL_GC_TIME_%_G1_Old_Generation], Time(%), 0.0
[TOTAL_GCs], Count, 4
[TOTAL_GC_TIME], Time(ms), 48
[TOTAL_GC_TIME_%], Time(%), 1.3949433304272014
[READ], Operations, 1000
[READ], AverageLatency(us), 2397.731
[READ], MinLatency(us), 1222
[READ], MaxLatency(us), 179967
[READ], 95thPercentileLatency(us), 4143
[READ], 99thPercentileLatency(us), 6319
[READ], Return=OK, 1000
[CLEANUP], Operations, 1
[CLEANUP], AverageLatency(us), 4534.0
[CLEANUP], MinLatency(us), 4532
[CLEANUP], MaxLatency(us), 4535
[CLEANUP], 95thPercentileLatency(us), 4535
[CLEANUP], 99thPercentileLatency(us), 4535

