0    [Thread-1] INFO  site.ycsb.db.DynamoDBClient  -dynamodb connection created with http://dynamodb.us-east-2.amazonaws.com
14791 [Thread-1] ERROR site.ycsb.db.DynamoDBClient  -com.amazonaws.services.dynamodbv2.model.ProvisionedThroughputExceededException: The level of configured provisioned throughput for the table was exceeded. Consider increasing your provisioning level with the UpdateTable API. (Service: AmazonDynamoDBv2; Status Code: 400; Error Code: ProvisionedThroughputExceededException; Request ID: 7FPHGAI05GN42SUKGOUA3722JNVV4KQNSO5AEMVJF66Q9ASUAAJG)
[OVERALL], RunTime(ms), 19322
[OVERALL], Throughput(ops/sec), 51.75447676223993
[TOTAL_GCS_Copy], Count, 24
[TOTAL_GC_TIME_Copy], Time(ms), 43
[TOTAL_GC_TIME_%_Copy], Time(%), 0.22254425007763173
[TOTAL_GCS_MarkSweepCompact], Count, 0
[TOTAL_GC_TIME_MarkSweepCompact], Time(ms), 0
[TOTAL_GC_TIME_%_MarkSweepCompact], Time(%), 0.0
[TOTAL_GCs], Count, 24
[TOTAL_GC_TIME], Time(ms), 43
[TOTAL_GC_TIME_%], Time(%), 0.22254425007763173
[READ], Operations, 964
[READ], AverageLatency(us), 4476.281120331951
[READ], MinLatency(us), 2810
[READ], MaxLatency(us), 239231
[READ], 95thPercentileLatency(us), 11927
[READ], 99thPercentileLatency(us), 16543
[READ], Return=OK, 964
[CLEANUP], Operations, 1
[CLEANUP], AverageLatency(us), 2.0
[CLEANUP], MinLatency(us), 2
[CLEANUP], MaxLatency(us), 2
[CLEANUP], 95thPercentileLatency(us), 2
[CLEANUP], 99thPercentileLatency(us), 2
[INSERT], Operations, 35
[INSERT], AverageLatency(us), 274543.71428571426
[INSERT], MinLatency(us), 5440
[INSERT], MaxLatency(us), 4255743
[INSERT], 95thPercentileLatency(us), 601087
[INSERT], 99thPercentileLatency(us), 4255743
[INSERT], Return=OK, 35
[INSERT], Return=ERROR, 1
[INSERT-FAILED], Operations, 1
[INSERT-FAILED], AverageLatency(us), 4166656.0
[INSERT-FAILED], MinLatency(us), 4165632
[INSERT-FAILED], MaxLatency(us), 4167679
[INSERT-FAILED], 95thPercentileLatency(us), 4167679
[INSERT-FAILED], 99thPercentileLatency(us), 4167679
