0    [Thread-1] INFO  site.ycsb.db.DynamoDBClient  -dynamodb connection created with http://dynamodb.us-east-2.amazonaws.com
[OVERALL], RunTime(ms), 340737
[OVERALL], Throughput(ops/sec), 2.9348148278584363
[TOTAL_GCS_Copy], Count, 27
[TOTAL_GC_TIME_Copy], Time(ms), 47
[TOTAL_GC_TIME_%_Copy], Time(%), 0.013793629690934651
[TOTAL_GCS_MarkSweepCompact], Count, 0
[TOTAL_GC_TIME_MarkSweepCompact], Time(ms), 0
[TOTAL_GC_TIME_%_MarkSweepCompact], Time(%), 0.0
[TOTAL_GCs], Count, 27
[TOTAL_GC_TIME], Time(ms), 47
[TOTAL_GC_TIME_%], Time(%), 0.013793629690934651
[READ], Operations, 487
[READ], AverageLatency(us), 4760.229979466119
[READ], MinLatency(us), 2934
[READ], MaxLatency(us), 19743
[READ], 95thPercentileLatency(us), 9207
[READ], 99thPercentileLatency(us), 11847
[READ], Return=OK, 487
[CLEANUP], Operations, 1
[CLEANUP], AverageLatency(us), 2.0
[CLEANUP], MinLatency(us), 2
[CLEANUP], MaxLatency(us), 2
[CLEANUP], 95thPercentileLatency(us), 2
[CLEANUP], 99thPercentileLatency(us), 2
[UPDATE], Operations, 513
[UPDATE], AverageLatency(us), 657173.633528265
[UPDATE], MinLatency(us), 5200
[UPDATE], MaxLatency(us), 4300799
[UPDATE], 95thPercentileLatency(us), 3991551
[UPDATE], 99thPercentileLatency(us), 4165631
[UPDATE], Return=OK, 513
