0    [Thread-1] INFO  site.ycsb.db.DynamoDBClient  -dynamodb connection created with http://dynamodb.us-east-2.amazonaws.com
4280 [Thread-1] ERROR site.ycsb.db.DynamoDBClient  -com.amazonaws.services.dynamodbv2.model.ProvisionedThroughputExceededException: The level of configured provisioned throughput for the table was exceeded. Consider increasing your provisioning level with the UpdateTable API. (Service: AmazonDynamoDBv2; Status Code: 400; Error Code: ProvisionedThroughputExceededException; Request ID: MLQ3M21S1IGLB69B13MTFNOU3BVV4KQNSO5AEMVJF66Q9ASUAAJG)
8308 [Thread-1] ERROR site.ycsb.db.DynamoDBClient  -com.amazonaws.services.dynamodbv2.model.ProvisionedThroughputExceededException: The level of configured provisioned throughput for the table was exceeded. Consider increasing your provisioning level with the UpdateTable API. (Service: AmazonDynamoDBv2; Status Code: 400; Error Code: ProvisionedThroughputExceededException; Request ID: NFT2NE5U50CTQTM7H4CASGS2SJVV4KQNSO5AEMVJF66Q9ASUAAJG)
12520 [Thread-1] ERROR site.ycsb.db.DynamoDBClient  -com.amazonaws.services.dynamodbv2.model.ProvisionedThroughputExceededException: The level of configured provisioned throughput for the table was exceeded. Consider increasing your provisioning level with the UpdateTable API. (Service: AmazonDynamoDBv2; Status Code: 400; Error Code: ProvisionedThroughputExceededException; Request ID: 10EJN1M6BQT7TONJ35BLBE383VVV4KQNSO5AEMVJF66Q9ASUAAJG)
16563 [Thread-1] ERROR site.ycsb.db.DynamoDBClient  -com.amazonaws.services.dynamodbv2.model.ProvisionedThroughputExceededException: The level of configured provisioned throughput for the table was exceeded. Consider increasing your provisioning level with the UpdateTable API. (Service: AmazonDynamoDBv2; Status Code: 400; Error Code: ProvisionedThroughputExceededException; Request ID: DGJ2TCT1BIK2IUMLA897R54NO7VV4KQNSO5AEMVJF66Q9ASUAAJG)
20707 [Thread-1] ERROR site.ycsb.db.DynamoDBClient  -com.amazonaws.services.dynamodbv2.model.ProvisionedThroughputExceededException: The level of configured provisioned throughput for the table was exceeded. Consider increasing your provisioning level with the UpdateTable API. (Service: AmazonDynamoDBv2; Status Code: 400; Error Code: ProvisionedThroughputExceededException; Request ID: 87POG0HMC3DGNHUFQ1O681OT77VV4KQNSO5AEMVJF66Q9ASUAAJG)
24310 [Thread-1] ERROR site.ycsb.db.DynamoDBClient  -com.amazonaws.services.dynamodbv2.model.ProvisionedThroughputExceededException: The level of configured provisioned throughput for the table was exceeded. Consider increasing your provisioning level with the UpdateTable API. (Service: AmazonDynamoDBv2; Status Code: 400; Error Code: ProvisionedThroughputExceededException; Request ID: NHBQK0M87JK6R0P48NKEHEQKGJVV4KQNSO5AEMVJF66Q9ASUAAJG)
28457 [Thread-1] ERROR site.ycsb.db.DynamoDBClient  -com.amazonaws.services.dynamodbv2.model.ProvisionedThroughputExceededException: The level of configured provisioned throughput for the table was exceeded. Consider increasing your provisioning level with the UpdateTable API. (Service: AmazonDynamoDBv2; Status Code: 400; Error Code: ProvisionedThroughputExceededException; Request ID: DR4E8O2C3OI2R22RRPVD02PCV7VV4KQNSO5AEMVJF66Q9ASUAAJG)
[OVERALL], RunTime(ms), 348130
[OVERALL], Throughput(ops/sec), 2.872490161721196
[TOTAL_GCS_Copy], Count, 33
[TOTAL_GC_TIME_Copy], Time(ms), 52
[TOTAL_GC_TIME_%_Copy], Time(%), 0.014936948840950218
[TOTAL_GCS_MarkSweepCompact], Count, 0
[TOTAL_GC_TIME_MarkSweepCompact], Time(ms), 0
[TOTAL_GC_TIME_%_MarkSweepCompact], Time(%), 0.0
[TOTAL_GCs], Count, 33
[TOTAL_GC_TIME], Time(ms), 52
[TOTAL_GC_TIME_%], Time(%), 0.014936948840950218
[READ], Operations, 1000
[READ], AverageLatency(us), 4772.952
[READ], MinLatency(us), 2772
[READ], MaxLatency(us), 293375
[READ], 95thPercentileLatency(us), 8503
[READ], 99thPercentileLatency(us), 13047
[READ], Return=OK, 1000
[UPDATE-FAILED], Operations, 7
[UPDATE-FAILED], AverageLatency(us), 3997988.5714285714
[UPDATE-FAILED], MinLatency(us), 3592192
[UPDATE-FAILED], MaxLatency(us), 4206591
[UPDATE-FAILED], 95thPercentileLatency(us), 4206591
[UPDATE-FAILED], 99thPercentileLatency(us), 4206591
[READ-MODIFY-WRITE], Operations, 483
[READ-MODIFY-WRITE], AverageLatency(us), 713445.718426501
[READ-MODIFY-WRITE], MinLatency(us), 8072
[READ-MODIFY-WRITE], MaxLatency(us), 4239359
[READ-MODIFY-WRITE], 95thPercentileLatency(us), 3995647
[READ-MODIFY-WRITE], 99thPercentileLatency(us), 4159487
[CLEANUP], Operations, 1
[CLEANUP], AverageLatency(us), 3.0
[CLEANUP], MinLatency(us), 3
[CLEANUP], MaxLatency(us), 3
[CLEANUP], 95thPercentileLatency(us), 3
[CLEANUP], 99thPercentileLatency(us), 3
[UPDATE], Operations, 476
[UPDATE], AverageLatency(us), 659867.5924369748
[UPDATE], MinLatency(us), 5164
[UPDATE], MaxLatency(us), 4235263
[UPDATE], 95thPercentileLatency(us), 3950591
[UPDATE], 99thPercentileLatency(us), 4155391
[UPDATE], Return=OK, 476
[UPDATE], Return=ERROR, 7
