Script started on 2024-04-11 03:13:05+00:00 [TERM="xterm-256color" TTY="/dev/pts/2" COLUMNS="106" LINES="57"]
]0;JodieYCSBAccess@ycsb: ~/ycsb-0.17.0[01;32mJodieYCSBAccess@ycsb[00m:[01;34m~/ycsb-0.17.0[00m$ ./bin/ycsb run cassandra-cql -P workloads/workloada -p hosts="10.142.0.2" -p port=9042
java -cp /home/JodieYCSBAccess/ycsb-0.17.0/cassandra-binding/conf:/home/JodieYCSBAccess/ycsb-0.17.0/conf:/home/JodieYCSBAccess/ycsb-0.17.0/lib/htrace-core4-4.1.0-incubating.jar:/home/JodieYCSBAccess/ycsb-0.17.0/lib/core-0.17.0.jar:/home/JodieYCSBAccess/ycsb-0.17.0/lib/jackson-core-asl-1.9.4.jar:/home/JodieYCSBAccess/ycsb-0.17.0/lib/jackson-mapper-asl-1.9.4.jar:/home/JodieYCSBAccess/ycsb-0.17.0/lib/HdrHistogram-2.1.4.jar:/home/JodieYCSBAccess/ycsb-0.17.0/cassandra-binding/lib/slf4j-api-1.7.25.jar:/home/JodieYCSBAccess/ycsb-0.17.0/cassandra-binding/lib/netty-handler-4.0.33.Final.jar:/home/JodieYCSBAccess/ycsb-0.17.0/cassandra-binding/lib/guava-16.0.1.jar:/home/JodieYCSBAccess/ycsb-0.17.0/cassandra-binding/lib/netty-codec-4.0.33.Final.jar:/home/JodieYCSBAccess/ycsb-0.17.0/cassandra-binding/lib/netty-common-4.0.33.Final.jar:/home/JodieYCSBAccess/ycsb-0.17.0/cassandra-binding/lib/netty-buffer-4.0.33.Final.jar:/home/JodieYCSBAccess/ycsb-0.17.0/cassandra-binding/lib/cassandra-binding-0.17.0.jar:/home/JodieYCSBAccess/ycsb-0.17.0/cassandra-binding/lib/metrics-core-3.1.2.jar:/home/JodieYCSBAccess/ycsb-0.17.0/cassandra-binding/lib/netty-transport-4.0.33.Final.jar:/home/JodieYCSBAccess/ycsb-0.17.0/cassandra-binding/lib/cassandra-driver-core-3.0.0.jar site.ycsb.Client -db site.ycsb.db.CassandraCQLClient -P workloads/workloada -p hosts=10.142.0.2 -p port=9042 -t
Command line: -db site.ycsb.db.CassandraCQLClient -P workloads/workloada -p hosts=10.142.0.2 -p port=9042 -t
YCSB Client 0.17.0

Loading workload...
Starting test.
SLF4J: Failed to load class "org.slf4j.impl.StaticLoggerBinder".
SLF4J: Defaulting to no-operation (NOP) logger implementation
SLF4J: See http://www.slf4j.org/codes.html#StaticLoggerBinder for further details.
WARNING: An illegal reflective access operation has occurred
WARNING: Illegal reflective access by io.netty.util.internal.PlatformDependent0 (file:/home/JodieYCSBAccess/ycsb-0.17.0/cassandra-binding/lib/netty-common-4.0.33.Final.jar) to field java.nio.Buffer.address
WARNING: Please consider reporting this to the maintainers of io.netty.util.internal.PlatformDependent0
WARNING: Use --illegal-access=warn to enable warnings of further illegal reflective access operations
WARNING: All illegal access operations will be denied in a future release
Apr 11, 2024 3:13:12 AM io.netty.util.internal.PlatformDependent <clinit>
INFO: Your platform does not provide complete low-level API for accessing direct buffers reliably. Unless explicitly requested, heap buffer will always be preferred to avoid potential system unstability.
DBWrapper: report latency for each error is false and specific error codes to track for latency are: []
[OVERALL], RunTime(ms), 5326
[OVERALL], Throughput(ops/sec), 187.75816748028538
[TOTAL_GCS_G1_Young_Generation], Count, 3
[TOTAL_GC_TIME_G1_Young_Generation], Time(ms), 50
[TOTAL_GC_TIME_%_G1_Young_Generation], Time(%), 0.938790837401427
[TOTAL_GCS_G1_Old_Generation], Count, 0
[TOTAL_GC_TIME_G1_Old_Generation], Time(ms), 0
[TOTAL_GC_TIME_%_G1_Old_Generation], Time(%), 0.0
[TOTAL_GCs], Count, 3
[TOTAL_GC_TIME], Time(ms), 50
[TOTAL_GC_TIME_%], Time(%), 0.938790837401427
[READ], Operations, 477
[READ], AverageLatency(us), 2238.943396226415
[READ], MinLatency(us), 817
[READ], MaxLatency(us), 24751
[READ], 95thPercentileLatency(us), 4503
[READ], 99thPercentileLatency(us), 10783
[READ], Return=OK, 477
[CLEANUP], Operations, 1
[CLEANUP], AverageLatency(us), 2231296.0
[CLEANUP], MinLatency(us), 2230272
[CLEANUP], MaxLatency(us), 2232319
[CLEANUP], 95thPercentileLatency(us), 2232319
[CLEANUP], 99thPercentileLatency(us), 2232319
[UPDATE], Operations, 523
[UPDATE], AverageLatency(us), 1726.6883365200765
[UPDATE], MinLatency(us), 712
[UPDATE], MaxLatency(us), 28383
[UPDATE], 95thPercentileLatency(us), 4031
[UPDATE], 99thPercentileLatency(us), 7547
[UPDATE], Return=OK, 523
]0;JodieYCSBAccess@ycsb: ~/ycsb-0.17.0[01;32mJodieYCSBAccess@ycsb[00m:[01;34m~/ycsb-0.17.0[00m$ exit
exit

Script done on 2024-04-11 03:14:45+00:00 [COMMAND_EXIT_CODE="0"]
