0    [Thread-1] INFO  site.ycsb.db.DynamoDBClient  -dynamodb connection created with http://dynamodb.us-east-2.amazonaws.com
25922 [Thread-1] ERROR site.ycsb.db.DynamoDBClient  -com.amazonaws.services.dynamodbv2.model.ProvisionedThroughputExceededException: The level of configured provisioned throughput for the table was exceeded. Consider increasing your provisioning level with the UpdateTable API. (Service: AmazonDynamoDBv2; Status Code: 400; Error Code: ProvisionedThroughputExceededException; Request ID: EKMLMN3PS8LTELDLP9R947ULDVVV4KQNSO5AEMVJF66Q9ASUAAJG)
35816 [Thread-1] ERROR site.ycsb.db.DynamoDBClient  -com.amazonaws.services.dynamodbv2.model.ProvisionedThroughputExceededException: The level of configured provisioned throughput for the table was exceeded. Consider increasing your provisioning level with the UpdateTable API. (Service: AmazonDynamoDBv2; Status Code: 400; Error Code: ProvisionedThroughputExceededException; Request ID: SO2G8VEE91IEFO2J5Q1BGTVKVJVV4KQNSO5AEMVJF66Q9ASUAAJG)
42868 [Thread-1] ERROR site.ycsb.db.DynamoDBClient  -com.amazonaws.services.dynamodbv2.model.ProvisionedThroughputExceededException: The level of configured provisioned throughput for the table was exceeded. Consider increasing your provisioning level with the UpdateTable API. (Service: AmazonDynamoDBv2; Status Code: 400; Error Code: ProvisionedThroughputExceededException; Request ID: BUS23OBOU15MUIRUQ8251E1SHVVV4KQNSO5AEMVJF66Q9ASUAAJG)
48885 [Thread-1] ERROR site.ycsb.db.DynamoDBClient  -com.amazonaws.services.dynamodbv2.model.ProvisionedThroughputExceededException: The level of configured provisioned throughput for the table was exceeded. Consider increasing your provisioning level with the UpdateTable API. (Service: AmazonDynamoDBv2; Status Code: 400; Error Code: ProvisionedThroughputExceededException; Request ID: 19EDCUU2RVFQ3R75L2B7BABPC3VV4KQNSO5AEMVJF66Q9ASUAAJG)
69139 [Thread-1] ERROR site.ycsb.db.DynamoDBClient  -com.amazonaws.services.dynamodbv2.model.ProvisionedThroughputExceededException: The level of configured provisioned throughput for the table was exceeded. Consider increasing your provisioning level with the UpdateTable API. (Service: AmazonDynamoDBv2; Status Code: 400; Error Code: ProvisionedThroughputExceededException; Request ID: 38M6945SH33UB2TKOITT02VEV7VV4KQNSO5AEMVJF66Q9ASUAAJG)
74398 [Thread-1] ERROR site.ycsb.db.DynamoDBClient  -com.amazonaws.services.dynamodbv2.model.ProvisionedThroughputExceededException: The level of configured provisioned throughput for the table was exceeded. Consider increasing your provisioning level with the UpdateTable API. (Service: AmazonDynamoDBv2; Status Code: 400; Error Code: ProvisionedThroughputExceededException; Request ID: KCM1Q4IAMA1HVKVLLNR2DFNU0RVV4KQNSO5AEMVJF66Q9ASUAAJG)
[OVERALL], RunTime(ms), 99450
[OVERALL], Throughput(ops/sec), 10.055304172951232
[TOTAL_GCS_Copy], Count, 29
[TOTAL_GC_TIME_Copy], Time(ms), 46
[TOTAL_GC_TIME_%_Copy], Time(%), 0.04625439919557567
[TOTAL_GCS_MarkSweepCompact], Count, 0
[TOTAL_GC_TIME_MarkSweepCompact], Time(ms), 0
[TOTAL_GC_TIME_%_MarkSweepCompact], Time(%), 0.0
[TOTAL_GCs], Count, 29
[TOTAL_GC_TIME], Time(ms), 46
[TOTAL_GC_TIME_%], Time(%), 0.04625439919557567
[CLEANUP], Operations, 1
[CLEANUP], AverageLatency(us), 2.0
[CLEANUP], MinLatency(us), 2
[CLEANUP], MaxLatency(us), 2
[CLEANUP], 95thPercentileLatency(us), 2
[CLEANUP], 99thPercentileLatency(us), 2
[INSERT], Operations, 1000
[INSERT], AverageLatency(us), 68314.788
[INSERT], MinLatency(us), 5004
[INSERT], MaxLatency(us), 4177919
[INSERT], 95thPercentileLatency(us), 17279
[INSERT], 99thPercentileLatency(us), 1833983
[INSERT], Return=OK, 1000
[INSERT], Return=ERROR, 6
[INSERT-FAILED], Operations, 6
[INSERT-FAILED], AverageLatency(us), 3986090.6666666665
[INSERT-FAILED], MinLatency(us), 3784704
[INSERT-FAILED], MaxLatency(us), 4114431
[INSERT-FAILED], 95thPercentileLatency(us), 4114431
[INSERT-FAILED], 99thPercentileLatency(us), 4114431
