0    [Thread-1] INFO  site.ycsb.db.DynamoDBClient  -dynamodb connection created with http://dynamodb.us-east-2.amazonaws.com
[OVERALL], RunTime(ms), 47842
[OVERALL], Throughput(ops/sec), 20.902136198319468
[TOTAL_GCS_Copy], Count, 30
[TOTAL_GC_TIME_Copy], Time(ms), 47
[TOTAL_GC_TIME_%_Copy], Time(%), 0.09824004013210151
[TOTAL_GCS_MarkSweepCompact], Count, 0
[TOTAL_GC_TIME_MarkSweepCompact], Time(ms), 0
[TOTAL_GC_TIME_%_MarkSweepCompact], Time(%), 0.0
[TOTAL_GCs], Count, 30
[TOTAL_GC_TIME], Time(ms), 47
[TOTAL_GC_TIME_%], Time(%), 0.09824004013210151
[READ], Operations, 1000
[READ], AverageLatency(us), 3697.854
[READ], MinLatency(us), 2528
[READ], MaxLatency(us), 296191
[READ], 95thPercentileLatency(us), 6367
[READ], 99thPercentileLatency(us), 9815
[READ], Return=OK, 1000
[READ-MODIFY-WRITE], Operations, 493
[READ-MODIFY-WRITE], AverageLatency(us), 90457.87018255578
[READ-MODIFY-WRITE], MinLatency(us), 7412
[READ-MODIFY-WRITE], MaxLatency(us), 4288511
[READ-MODIFY-WRITE], 95thPercentileLatency(us), 15711
[READ-MODIFY-WRITE], 99thPercentileLatency(us), 3610623
[CLEANUP], Operations, 1
[CLEANUP], AverageLatency(us), 6.0
[CLEANUP], MinLatency(us), 6
[CLEANUP], MaxLatency(us), 6
[CLEANUP], 95thPercentileLatency(us), 6
[CLEANUP], 99thPercentileLatency(us), 6
[UPDATE], Operations, 493
[UPDATE], AverageLatency(us), 86995.21298174442
[UPDATE], MinLatency(us), 4756
[UPDATE], MaxLatency(us), 4276223
[UPDATE], 95thPercentileLatency(us), 11183
[UPDATE], 99thPercentileLatency(us), 3608575
[UPDATE], Return=OK, 493
