0    [Thread-1] INFO  site.ycsb.db.DynamoDBClient  -dynamodb connection created with http://dynamodb.us-east-2.amazonaws.com
[OVERALL], RunTime(ms), 47914
[OVERALL], Throughput(ops/sec), 20.870726718704347
[TOTAL_GCS_Copy], Count, 24
[TOTAL_GC_TIME_Copy], Time(ms), 44
[TOTAL_GC_TIME_%_Copy], Time(%), 0.09183119756229913
[TOTAL_GCS_MarkSweepCompact], Count, 0
[TOTAL_GC_TIME_MarkSweepCompact], Time(ms), 0
[TOTAL_GC_TIME_%_MarkSweepCompact], Time(%), 0.0
[TOTAL_GCs], Count, 24
[TOTAL_GC_TIME], Time(ms), 44
[TOTAL_GC_TIME_%], Time(%), 0.09183119756229913
[READ], Operations, 505
[READ], AverageLatency(us), 4228.667326732673
[READ], MinLatency(us), 2840
[READ], MaxLatency(us), 22911
[READ], 95thPercentileLatency(us), 9807
[READ], 99thPercentileLatency(us), 13695
[READ], Return=OK, 505
[CLEANUP], Operations, 1
[CLEANUP], AverageLatency(us), 2.0
[CLEANUP], MinLatency(us), 2
[CLEANUP], MaxLatency(us), 2
[CLEANUP], 95thPercentileLatency(us), 2
[CLEANUP], 99thPercentileLatency(us), 2
[UPDATE], Operations, 495
[UPDATE], AverageLatency(us), 90001.53131313132
[UPDATE], MinLatency(us), 4952
[UPDATE], MaxLatency(us), 4085759
[UPDATE], 95thPercentileLatency(us), 571391
[UPDATE], 99thPercentileLatency(us), 1828863
[UPDATE], Return=OK, 495
