0    [Thread-1] INFO  site.ycsb.db.DynamoDBClient  -dynamodb connection created with http://dynamodb.us-east-2.amazonaws.com
5923 [Thread-1] ERROR site.ycsb.db.DynamoDBClient  -com.amazonaws.services.dynamodbv2.model.ProvisionedThroughputExceededException: The level of configured provisioned throughput for the table was exceeded. Consider increasing your provisioning level with the UpdateTable API. (Service: AmazonDynamoDBv2; Status Code: 400; Error Code: ProvisionedThroughputExceededException; Request ID: AG2SE1GS2CI77882DLR3PD86MJVV4KQNSO5AEMVJF66Q9ASUAAJG)
[OVERALL], RunTime(ms), 50039
[OVERALL], Throughput(ops/sec), 19.984412158516356
[TOTAL_GCS_Copy], Count, 73
[TOTAL_GC_TIME_Copy], Time(ms), 79
[TOTAL_GC_TIME_%_Copy], Time(%), 0.15787685605227922
[TOTAL_GCS_MarkSweepCompact], Count, 0
[TOTAL_GC_TIME_MarkSweepCompact], Time(ms), 0
[TOTAL_GC_TIME_%_MarkSweepCompact], Time(%), 0.0
[TOTAL_GCs], Count, 73
[TOTAL_GC_TIME], Time(ms), 79
[TOTAL_GC_TIME_%], Time(%), 0.15787685605227922
[SCAN-FAILED], Operations, 1
[SCAN-FAILED], AverageLatency(us), 4027392.0
[SCAN-FAILED], MinLatency(us), 4026368
[SCAN-FAILED], MaxLatency(us), 4028415
[SCAN-FAILED], 95thPercentileLatency(us), 4028415
[SCAN-FAILED], 99thPercentileLatency(us), 4028415
[CLEANUP], Operations, 1
[CLEANUP], AverageLatency(us), 2.0
[CLEANUP], MinLatency(us), 2
[CLEANUP], MaxLatency(us), 2
[CLEANUP], 95thPercentileLatency(us), 2
[CLEANUP], 99thPercentileLatency(us), 2
[INSERT], Operations, 55
[INSERT], AverageLatency(us), 7162.036363636364
[INSERT], MinLatency(us), 5100
[INSERT], MaxLatency(us), 21183
[INSERT], 95thPercentileLatency(us), 12895
[INSERT], 99thPercentileLatency(us), 18495
[INSERT], Return=OK, 55
[SCAN], Operations, 944
[SCAN], AverageLatency(us), 46958.85911016949
[SCAN], MinLatency(us), 2724
[SCAN], MaxLatency(us), 4163583
[SCAN], 95thPercentileLatency(us), 16263
[SCAN], 99thPercentileLatency(us), 1679359
[SCAN], Return=OK, 944
[SCAN], Return=ERROR, 1
