0    [Thread-1] INFO  site.ycsb.db.DynamoDBClient  -dynamodb connection created with http://dynamodb.us-east-2.amazonaws.com
[OVERALL], RunTime(ms), 5257
[OVERALL], Throughput(ops/sec), 190.22256039566292
[TOTAL_GCS_Copy], Count, 23
[TOTAL_GC_TIME_Copy], Time(ms), 42
[TOTAL_GC_TIME_%_Copy], Time(%), 0.7989347536617843
[TOTAL_GCS_MarkSweepCompact], Count, 0
[TOTAL_GC_TIME_MarkSweepCompact], Time(ms), 0
[TOTAL_GC_TIME_%_MarkSweepCompact], Time(%), 0.0
[TOTAL_GCs], Count, 23
[TOTAL_GC_TIME], Time(ms), 42
[TOTAL_GC_TIME_%], Time(%), 0.7989347536617843
[READ], Operations, 954
[READ], AverageLatency(us), 3911.5618448637315
[READ], MinLatency(us), 2702
[READ], MaxLatency(us), 254079
[READ], 95thPercentileLatency(us), 6567
[READ], 99thPercentileLatency(us), 9847
[READ], Return=OK, 954
[CLEANUP], Operations, 1
[CLEANUP], AverageLatency(us), 2.0
[CLEANUP], MinLatency(us), 2
[CLEANUP], MaxLatency(us), 2
[CLEANUP], 95thPercentileLatency(us), 2
[CLEANUP], 99thPercentileLatency(us), 2
[UPDATE], Operations, 46
[UPDATE], AverageLatency(us), 6254.04347826087
[UPDATE], MinLatency(us), 5192
[UPDATE], MaxLatency(us), 15999
[UPDATE], 95thPercentileLatency(us), 9575
[UPDATE], 99thPercentileLatency(us), 15999
[UPDATE], Return=OK, 46
