0    [Thread-1] INFO  site.ycsb.db.DynamoDBClient  -dynamodb connection created with http://dynamodb.us-east-2.amazonaws.com
[OVERALL], RunTime(ms), 6959
[OVERALL], Throughput(ops/sec), 143.6988072998994
[TOTAL_GCS_Copy], Count, 24
[TOTAL_GC_TIME_Copy], Time(ms), 45
[TOTAL_GC_TIME_%_Copy], Time(%), 0.6466446328495473
[TOTAL_GCS_MarkSweepCompact], Count, 0
[TOTAL_GC_TIME_MarkSweepCompact], Time(ms), 0
[TOTAL_GC_TIME_%_MarkSweepCompact], Time(%), 0.0
[TOTAL_GCs], Count, 24
[TOTAL_GC_TIME], Time(ms), 45
[TOTAL_GC_TIME_%], Time(%), 0.6466446328495473
[READ], Operations, 943
[READ], AverageLatency(us), 3908.5535524920465
[READ], MinLatency(us), 2668
[READ], MaxLatency(us), 271615
[READ], 95thPercentileLatency(us), 6559
[READ], 99thPercentileLatency(us), 10159
[READ], Return=OK, 943
[CLEANUP], Operations, 1
[CLEANUP], AverageLatency(us), 1.0
[CLEANUP], MinLatency(us), 1
[CLEANUP], MaxLatency(us), 1
[CLEANUP], 95thPercentileLatency(us), 1
[CLEANUP], 99thPercentileLatency(us), 1
[INSERT], Operations, 57
[INSERT], AverageLatency(us), 36082.45614035088
[INSERT], MinLatency(us), 5264
[INSERT], MaxLatency(us), 589823
[INSERT], 95thPercentileLatency(us), 15231
[INSERT], 99thPercentileLatency(us), 584703
[INSERT], Return=OK, 57
