Loading workload...
Starting test.
2024-04-10 18:00:48:908 0 sec: 0 operations; est completion in 0 second 
mongo client connection created with mongodb://10.142.0.4:27018/ycsb
DBWrapper: report latency for each error is false and specific error codes to track for latency are: []
2024-04-10 18:00:56:487 7 sec: 1000 operations; 130.5 current ops/sec; [CLEANUP: Count=1, Max=3855, Min=3854, Avg=3855, 90=3855, 99=3855, 99.9=3855, 99.99=3855] [INSERT: Count=1000, Max=267519, Min=3070, Avg=6690.3, 90=8959, 99=10783, 99.9=16431, 99.99=267519] 
[OVERALL], RunTime(ms), 7666
[OVERALL], Throughput(ops/sec), 130.44612575006522
[TOTAL_GCS_G1_Young_Generation], Count, 4
[TOTAL_GC_TIME_G1_Young_Generation], Time(ms), 43
[TOTAL_GC_TIME_%_G1_Young_Generation], Time(%), 0.5609183407252805
[TOTAL_GCS_G1_Old_Generation], Count, 0
[TOTAL_GC_TIME_G1_Old_Generation], Time(ms), 0
[TOTAL_GC_TIME_%_G1_Old_Generation], Time(%), 0.0
[TOTAL_GCs], Count, 4
[TOTAL_GC_TIME], Time(ms), 43
[TOTAL_GC_TIME_%], Time(%), 0.5609183407252805
[CLEANUP], Operations, 1
[CLEANUP], AverageLatency(us), 3855.0
[CLEANUP], MinLatency(us), 3854
[CLEANUP], MaxLatency(us), 3855
[CLEANUP], 95thPercentileLatency(us), 3855
[CLEANUP], 99thPercentileLatency(us), 3855
[INSERT], Operations, 1000
[INSERT], AverageLatency(us), 6690.298
[INSERT], MinLatency(us), 3070
[INSERT], MaxLatency(us), 267519
[INSERT], 95thPercentileLatency(us), 9607
[INSERT], 99thPercentileLatency(us), 10783
[INSERT], Return=OK, 1000

