Loading workload...
Starting test.
2024-04-10 17:56:53:340 0 sec: 0 operations; est completion in 0 second 
mongo client connection created with mongodb://10.142.0.4:27018/ycsb
DBWrapper: report latency for each error is false and specific error codes to track for latency are: []
2024-04-10 17:56:58:198 4 sec: 1000 operations; 202.31 current ops/sec; [READ: Count=509, Max=21167, Min=1613, Avg=2561.96, 90=3319, 99=6475, 99.9=8075, 99.99=21167] [CLEANUP: Count=1, Max=4707, Min=4704, Avg=4706, 90=4707, 99=4707, 99.9=4707, 99.99=4707] [UPDATE: Count=491, Max=179199, Min=3248, Avg=5425.66, 90=6507, 99=7923, 99.9=179199, 99.99=179199] 
[OVERALL], RunTime(ms), 4944
[OVERALL], Throughput(ops/sec), 202.26537216828478
[TOTAL_GCS_G1_Young_Generation], Count, 4
[TOTAL_GC_TIME_G1_Young_Generation], Time(ms), 51
[TOTAL_GC_TIME_%_G1_Young_Generation], Time(%), 1.0315533980582525
[TOTAL_GCS_G1_Old_Generation], Count, 0
[TOTAL_GC_TIME_G1_Old_Generation], Time(ms), 0
[TOTAL_GC_TIME_%_G1_Old_Generation], Time(%), 0.0
[TOTAL_GCs], Count, 4
[TOTAL_GC_TIME], Time(ms), 51
[TOTAL_GC_TIME_%], Time(%), 1.0315533980582525
[READ], Operations, 509
[READ], AverageLatency(us), 2561.9567779960707
[READ], MinLatency(us), 1613
[READ], MaxLatency(us), 21167
[READ], 95thPercentileLatency(us), 3687
[READ], 99thPercentileLatency(us), 6475
[READ], Return=OK, 509
[CLEANUP], Operations, 1
[CLEANUP], AverageLatency(us), 4706.0
[CLEANUP], MinLatency(us), 4704
[CLEANUP], MaxLatency(us), 4707
[CLEANUP], 95thPercentileLatency(us), 4707
[CLEANUP], 99thPercentileLatency(us), 4707
[UPDATE], Operations, 491
[UPDATE], AverageLatency(us), 5425.65784114053
[UPDATE], MinLatency(us), 3248
[UPDATE], MaxLatency(us), 179199
[UPDATE], 95thPercentileLatency(us), 7027
[UPDATE], 99thPercentileLatency(us), 7923
[UPDATE], Return=OK, 491

